<?xml version="1.0" encoding="UTF-8"?>
<!-- Generated by org.testng.reporters.JUnitXMLReporter -->
<testsuite ignored="0" hostname="BLRSFLT130" failures="1" tests="1" name="Chrome Test" time="0.061" errors="0" timestamp="13 May 2024 07:37:19 GMT">
  <testcase classname="org.main.Imp" name="logins" time="0.0">
    <failure type="org.testng.TestNGException" message="
Parameter &amp;apos;browser&amp;apos; is required by @Test on method logins but has not been marked @Optional or defined
in C:\Users\balaji.p\eclipse-workspace 2\DSS_Audit\testng2.xml">
      <![CDATA[org.testng.TestNGException: 
Parameter 'browser' is required by @Test on method logins but has not been marked @Optional or defined
in C:\Users\balaji.p\eclipse-workspace 2\DSS_Audit\testng2.xml
at java.base/java.util.concurrent.FutureTask.run(FutureTask.java:264)
at java.base/java.util.concurrent.ThreadPoolExecutor.runWorker(ThreadPoolExecutor.java:1128)
at java.base/java.util.concurrent.ThreadPoolExecutor$Worker.run(ThreadPoolExecutor.java:628)
at java.base/java.lang.Thread.run(Thread.java:834)
... Removed 15 stack frames]]>
    </failure>
  </testcase> <!-- logins -->
</testsuite> <!-- Chrome Test -->
